2020-11-24 09:54:04.309  INFO 12696 --- [main] studio.rockpile.Application              : Starting Application on USER-20190525CB with PID 12696 (E:\github\document\demo-server\target\classes started by Administrator in E:\github\document\demo-server)
2020-11-24 09:54:04.312 DEBUG 12696 --- [main] studio.rockpile.Application              : Running with Spring Boot v2.2.2.RELEASE, Spring v5.2.2.RELEASE
2020-11-24 09:54:04.312  INFO 12696 --- [main] studio.rockpile.Application              : No active profile set, falling back to default profiles: default
2020-11-24 09:54:07.480  INFO 12696 --- [main] o.s.web.context.ContextLoader            : Root WebApplicationContext: initialization completed in 3005 ms
2020-11-24 09:54:07.776  INFO 12696 --- [main] o.s.s.concurrent.ThreadPoolTaskExecutor  : Initializing ExecutorService 'applicationTaskExecutor'
2020-11-24 09:54:08.177  INFO 12696 --- [main] o.s.b.w.e.u.UndertowServletWebServer     : Undertow started on port(s) 5030 (http) with context path ''
2020-11-24 09:54:08.179  INFO 12696 --- [main] studio.rockpile.Application              : Started Application in 5.906 seconds (JVM running for 7.992)
2020-11-24 09:54:08.180  INFO 12696 --- [main] studio.rockpile.Application              : ====== 启动成功 ======
2020-11-24 09:54:14.713  INFO 12696 --- [XNIO-1 task-4] o.s.web.servlet.DispatcherServlet        : Initializing Servlet 'dispatcherServlet'
2020-11-24 09:54:14.717  INFO 12696 --- [XNIO-1 task-4] o.s.web.servlet.DispatcherServlet        : Completed initialization in 3 ms
2020-11-24 09:54:14.812 DEBUG 12696 --- [XNIO-1 task-2] s.r.demo.controller.DemoController       : registe server(demo-server:5030)
2020-11-24 09:54:15.072 DEBUG 12696 --- [XNIO-1 task-7] s.r.demo.controller.DemoController       : 用户信息：UserInfo{id='null', name='rockpile', age=18, interests=[programming, running, reading], tags={hobby=gunpla}, createDate=null}
2020-11-24 09:54:15.072 DEBUG 12696 --- [XNIO-1 task-6] s.r.demo.controller.DemoController       : 用户信息：UserInfo{id='null', name='rockpile', age=18, interests=[programming, running, reading], tags={hobby=gunpla}, createDate=null}
2020-11-24 09:54:15.072 DEBUG 12696 --- [XNIO-1 task-8] s.r.demo.controller.DemoController       : 用户信息：UserInfo{id='null', name='rockpile', age=18, interests=[programming, running, reading], tags={hobby=gunpla}, createDate=null}
2020-11-24 09:55:07.447 DEBUG 12696 --- [XNIO-1 task-10] s.r.demo.controller.DemoController       : registe server(demo-server:5030)
2020-11-24 09:55:07.448 DEBUG 12696 --- [XNIO-1 task-12] s.r.demo.controller.DemoController       : 用户信息：UserInfo{id='null', name='rockpile', age=18, interests=[programming, running, reading], tags={hobby=gunpla}, createDate=null}
2020-11-24 09:55:07.448 DEBUG 12696 --- [XNIO-1 task-13] s.r.demo.controller.DemoController       : 用户信息：UserInfo{id='null', name='rockpile', age=18, interests=[programming, running, reading], tags={hobby=gunpla}, createDate=null}
2020-11-24 09:55:07.449 DEBUG 12696 --- [XNIO-1 task-14] s.r.demo.controller.DemoController       : 用户信息：UserInfo{id='null', name='rockpile', age=18, interests=[programming, running, reading], tags={hobby=gunpla}, createDate=null}
2020-11-24 09:55:47.033 DEBUG 12696 --- [XNIO-1 task-16] s.r.demo.controller.DemoController       : registe server(demo-server:5030)
2020-11-24 09:55:47.034 DEBUG 12696 --- [XNIO-1 task-18] s.r.demo.controller.DemoController       : 用户信息：UserInfo{id='null', name='rockpile', age=18, interests=[programming, running, reading], tags={hobby=gunpla}, createDate=null}
2020-11-24 09:55:47.036 DEBUG 12696 --- [XNIO-1 task-19] s.r.demo.controller.DemoController       : 用户信息：UserInfo{id='null', name='rockpile', age=18, interests=[programming, running, reading], tags={hobby=gunpla}, createDate=null}
2020-11-24 09:55:47.036 DEBUG 12696 --- [XNIO-1 task-20] s.r.demo.controller.DemoController       : 用户信息：UserInfo{id='null', name='rockpile', age=18, interests=[programming, running, reading], tags={hobby=gunpla}, createDate=null}
2020-11-24 09:57:03.377 DEBUG 12696 --- [XNIO-1 task-22] s.r.demo.controller.DemoController       : registe server(demo-server:5030)
2020-11-24 09:57:03.380 DEBUG 12696 --- [XNIO-1 task-25] s.r.demo.controller.DemoController       : 用户信息：UserInfo{id='null', name='rockpile', age=18, interests=[programming, running, reading], tags={hobby=gunpla}, createDate=null}
2020-11-24 09:57:03.380 DEBUG 12696 --- [XNIO-1 task-23] s.r.demo.controller.DemoController       : 用户信息：UserInfo{id='null', name='rockpile', age=18, interests=[programming, running, reading], tags={hobby=gunpla}, createDate=null}
2020-11-24 09:57:03.380 DEBUG 12696 --- [XNIO-1 task-26] s.r.demo.controller.DemoController       : 用户信息：UserInfo{id='null', name='rockpile', age=18, interests=[programming, running, reading], tags={hobby=gunpla}, createDate=null}
2020-11-24 09:57:51.561 DEBUG 12696 --- [XNIO-1 task-28] s.r.demo.controller.DemoController       : registe server(demo-server:5030)
2020-11-24 09:57:51.562 DEBUG 12696 --- [XNIO-1 task-29] s.r.demo.controller.DemoController       : 用户信息：UserInfo{id='null', name='rockpile', age=18, interests=[programming, running, reading], tags={hobby=gunpla}, createDate=null}
2020-11-24 09:57:51.563 DEBUG 12696 --- [XNIO-1 task-32] s.r.demo.controller.DemoController       : 用户信息：UserInfo{id='null', name='rockpile', age=18, interests=[programming, running, reading], tags={hobby=gunpla}, createDate=null}
2020-11-24 09:57:51.563 DEBUG 12696 --- [XNIO-1 task-31] s.r.demo.controller.DemoController       : 用户信息：UserInfo{id='null', name='rockpile', age=18, interests=[programming, running, reading], tags={hobby=gunpla}, createDate=null}
2020-11-24 09:58:10.448 DEBUG 12696 --- [XNIO-1 task-35] s.r.demo.controller.DemoController       : registe server(demo-server:5030)
2020-11-24 09:58:10.449 DEBUG 12696 --- [XNIO-1 task-34] s.r.demo.controller.DemoController       : 用户信息：UserInfo{id='null', name='rockpile', age=18, interests=[programming, running, reading], tags={hobby=gunpla}, createDate=null}
2020-11-24 09:58:10.452 DEBUG 12696 --- [XNIO-1 task-37] s.r.demo.controller.DemoController       : 用户信息：UserInfo{id='null', name='rockpile', age=18, interests=[programming, running, reading], tags={hobby=gunpla}, createDate=null}
2020-11-24 09:58:10.748 DEBUG 12696 --- [XNIO-1 task-39] s.r.demo.controller.DemoController       : registe server(demo-server:5030)
2020-11-24 09:58:10.755 DEBUG 12696 --- [XNIO-1 task-41] s.r.demo.controller.DemoController       : 用户信息：UserInfo{id='null', name='rockpile', age=18, interests=[programming, running, reading], tags={hobby=gunpla}, createDate=null}
2020-11-24 09:58:10.755 DEBUG 12696 --- [XNIO-1 task-40] s.r.demo.controller.DemoController       : 用户信息：UserInfo{id='null', name='rockpile', age=18, interests=[programming, running, reading], tags={hobby=gunpla}, createDate=null}
2020-11-24 10:02:45.379 DEBUG 12696 --- [XNIO-1 task-44] s.r.demo.controller.DemoController       : registe server(demo-server:5030)
2020-11-24 10:02:45.383 DEBUG 12696 --- [XNIO-1 task-48] s.r.demo.controller.DemoController       : 用户信息：UserInfo{id='null', name='rockpile', age=18, interests=[programming, running, reading], tags={hobby=gunpla}, createDate=null}
2020-11-24 10:02:45.384 DEBUG 12696 --- [XNIO-1 task-47] s.r.demo.controller.DemoController       : 用户信息：UserInfo{id='null', name='rockpile', age=18, interests=[programming, running, reading], tags={hobby=gunpla}, createDate=null}
2020-11-24 10:02:45.383 DEBUG 12696 --- [XNIO-1 task-46] s.r.demo.controller.DemoController       : 用户信息：UserInfo{id='null', name='rockpile', age=18, interests=[programming, running, reading], tags={hobby=gunpla}, createDate=null}
2020-11-24 10:02:52.444 DEBUG 12696 --- [XNIO-1 task-50] s.r.demo.controller.DemoController       : registe server(demo-server:5030)
2020-11-24 10:02:52.448 DEBUG 12696 --- [XNIO-1 task-51] s.r.demo.controller.DemoController       : 用户信息：UserInfo{id='null', name='rockpile', age=18, interests=[programming, running, reading], tags={hobby=gunpla}, createDate=null}
2020-11-24 10:02:52.449 DEBUG 12696 --- [XNIO-1 task-52] s.r.demo.controller.DemoController       : 用户信息：UserInfo{id='null', name='rockpile', age=18, interests=[programming, running, reading], tags={hobby=gunpla}, createDate=null}
2020-11-24 10:02:52.449 DEBUG 12696 --- [XNIO-1 task-54] s.r.demo.controller.DemoController       : 用户信息：UserInfo{id='null', name='rockpile', age=18, interests=[programming, running, reading], tags={hobby=gunpla}, createDate=null}
2020-11-24 10:06:11.226 DEBUG 12696 --- [XNIO-1 task-56] s.r.demo.controller.DemoController       : registe server(demo-server:5030)
2020-11-24 10:06:11.228 DEBUG 12696 --- [XNIO-1 task-57] s.r.demo.controller.DemoController       : 用户信息：UserInfo{id='null', name='rockpile', age=18, interests=[programming, running, reading], tags={hobby=gunpla}, createDate=null}
2020-11-24 10:06:11.229 DEBUG 12696 --- [XNIO-1 task-59] s.r.demo.controller.DemoController       : 用户信息：UserInfo{id='null', name='rockpile', age=18, interests=[programming, running, reading], tags={hobby=gunpla}, createDate=null}
2020-11-24 10:06:11.229 DEBUG 12696 --- [XNIO-1 task-60] s.r.demo.controller.DemoController       : 用户信息：UserInfo{id='null', name='rockpile', age=18, interests=[programming, running, reading], tags={hobby=gunpla}, createDate=null}
2020-11-24 10:08:14.384 DEBUG 12696 --- [XNIO-1 task-62] s.r.demo.controller.DemoController       : registe server(demo-server:5030)
2020-11-24 10:08:14.392 DEBUG 12696 --- [XNIO-1 task-63] s.r.demo.controller.DemoController       : 用户信息：UserInfo{id='null', name='rockpile', age=18, interests=[programming, running, reading], tags={hobby=gunpla}, createDate=null}
2020-11-24 10:08:14.393 DEBUG 12696 --- [XNIO-1 task-64] s.r.demo.controller.DemoController       : 用户信息：UserInfo{id='null', name='rockpile', age=18, interests=[programming, running, reading], tags={hobby=gunpla}, createDate=null}
2020-11-24 10:08:14.393 DEBUG 12696 --- [XNIO-1 task-65] s.r.demo.controller.DemoController       : 用户信息：UserInfo{id='null', name='rockpile', age=18, interests=[programming, running, reading], tags={hobby=gunpla}, createDate=null}
2020-11-24 10:08:14.793 DEBUG 12696 --- [XNIO-1 task-68] s.r.demo.controller.DemoController       : registe server(demo-server:5030)
2020-11-24 10:08:14.794 DEBUG 12696 --- [XNIO-1 task-69] s.r.demo.controller.DemoController       : 用户信息：UserInfo{id='null', name='rockpile', age=18, interests=[programming, running, reading], tags={hobby=gunpla}, createDate=null}
2020-11-24 10:08:14.797 DEBUG 12696 --- [XNIO-1 task-71] s.r.demo.controller.DemoController       : 用户信息：UserInfo{id='null', name='rockpile', age=18, interests=[programming, running, reading], tags={hobby=gunpla}, createDate=null}
2020-11-24 10:08:14.798 DEBUG 12696 --- [XNIO-1 task-72] s.r.demo.controller.DemoController       : 用户信息：UserInfo{id='null', name='rockpile', age=18, interests=[programming, running, reading], tags={hobby=gunpla}, createDate=null}
2020-11-24 10:08:40.568 DEBUG 12696 --- [XNIO-1 task-74] s.r.demo.controller.DemoController       : registe server(demo-server:5030)
2020-11-24 10:08:40.569 DEBUG 12696 --- [XNIO-1 task-76] s.r.demo.controller.DemoController       : 用户信息：UserInfo{id='null', name='rockpile', age=18, interests=[programming, running, reading], tags={hobby=gunpla}, createDate=null}
2020-11-24 10:08:40.570 DEBUG 12696 --- [XNIO-1 task-77] s.r.demo.controller.DemoController       : 用户信息：UserInfo{id='null', name='rockpile', age=18, interests=[programming, running, reading], tags={hobby=gunpla}, createDate=null}
2020-11-24 10:08:40.574 DEBUG 12696 --- [XNIO-1 task-78] s.r.demo.controller.DemoController       : 用户信息：UserInfo{id='null', name='rockpile', age=18, interests=[programming, running, reading], tags={hobby=gunpla}, createDate=null}
2020-11-24 10:08:59.731 DEBUG 12696 --- [XNIO-1 task-80] s.r.demo.controller.DemoController       : registe server(demo-server:5030)
2020-11-24 10:08:59.731 DEBUG 12696 --- [XNIO-1 task-81] s.r.demo.controller.DemoController       : 用户信息：UserInfo{id='null', name='rockpile', age=18, interests=[programming, running, reading], tags={hobby=gunpla}, createDate=null}
2020-11-24 10:08:59.732 DEBUG 12696 --- [XNIO-1 task-83] s.r.demo.controller.DemoController       : 用户信息：UserInfo{id='null', name='rockpile', age=18, interests=[programming, running, reading], tags={hobby=gunpla}, createDate=null}
2020-11-24 10:08:59.739 DEBUG 12696 --- [XNIO-1 task-84] s.r.demo.controller.DemoController       : 用户信息：UserInfo{id='null', name='rockpile', age=18, interests=[programming, running, reading], tags={hobby=gunpla}, createDate=null}
2020-11-24 10:09:40.395 DEBUG 12696 --- [XNIO-1 task-86] s.r.demo.controller.DemoController       : registe server(demo-server:5030)
2020-11-24 10:09:40.396 DEBUG 12696 --- [XNIO-1 task-87] s.r.demo.controller.DemoController       : 用户信息：UserInfo{id='null', name='rockpile', age=18, interests=[programming, running, reading], tags={hobby=gunpla}, createDate=null}
2020-11-24 10:09:40.397 DEBUG 12696 --- [XNIO-1 task-89] s.r.demo.controller.DemoController       : 用户信息：UserInfo{id='null', name='rockpile', age=18, interests=[programming, running, reading], tags={hobby=gunpla}, createDate=null}
2020-11-24 10:09:46.274 DEBUG 12696 --- [XNIO-1 task-91] s.r.demo.controller.DemoController       : registe server(demo-server:5030)
2020-11-24 10:09:46.274 DEBUG 12696 --- [XNIO-1 task-93] s.r.demo.controller.DemoController       : 用户信息：UserInfo{id='null', name='rockpile', age=18, interests=[programming, running, reading], tags={hobby=gunpla}, createDate=null}
2020-11-24 10:09:46.275 DEBUG 12696 --- [XNIO-1 task-94] s.r.demo.controller.DemoController       : 用户信息：UserInfo{id='null', name='rockpile', age=18, interests=[programming, running, reading], tags={hobby=gunpla}, createDate=null}
2020-11-24 10:09:59.059 DEBUG 12696 --- [XNIO-1 task-3] s.r.demo.controller.DemoController       : registe server(demo-server:5030)
2020-11-24 10:09:59.059 DEBUG 12696 --- [XNIO-1 task-4] s.r.demo.controller.DemoController       : 用户信息：UserInfo{id='null', name='rockpile', age=18, interests=[programming, running, reading], tags={hobby=gunpla}, createDate=null}
2020-11-24 10:09:59.059 DEBUG 12696 --- [XNIO-1 task-96] s.r.demo.controller.DemoController       : 用户信息：UserInfo{id='null', name='rockpile', age=18, interests=[programming, running, reading], tags={hobby=gunpla}, createDate=null}
2020-11-24 10:10:14.054 DEBUG 12696 --- [XNIO-1 task-2] s.r.demo.controller.DemoController       : registe server(demo-server:5030)
2020-11-24 10:10:14.054 DEBUG 12696 --- [XNIO-1 task-9] s.r.demo.controller.DemoController       : 用户信息：UserInfo{id='null', name='rockpile', age=18, interests=[programming, running, reading], tags={hobby=gunpla}, createDate=null}
2020-11-24 10:10:14.055 DEBUG 12696 --- [XNIO-1 task-8] s.r.demo.controller.DemoController       : 用户信息：UserInfo{id='null', name='rockpile', age=18, interests=[programming, running, reading], tags={hobby=gunpla}, createDate=null}
2020-11-24 10:10:27.457 DEBUG 12696 --- [XNIO-1 task-11] s.r.demo.controller.DemoController       : 用户信息：UserInfo{id='null', name='rockpile', age=18, interests=[programming, running, reading], tags={hobby=gunpla}, createDate=null}
2020-11-24 10:10:27.458 DEBUG 12696 --- [XNIO-1 task-12] s.r.demo.controller.DemoController       : registe server(demo-server:5030)
2020-11-24 10:10:27.458 DEBUG 12696 --- [XNIO-1 task-10] s.r.demo.controller.DemoController       : 用户信息：UserInfo{id='null', name='rockpile', age=18, interests=[programming, running, reading], tags={hobby=gunpla}, createDate=null}
2020-11-24 10:10:38.057 DEBUG 12696 --- [XNIO-1 task-15] s.r.demo.controller.DemoController       : registe server(demo-server:5030)
2020-11-24 10:10:38.057 DEBUG 12696 --- [XNIO-1 task-16] s.r.demo.controller.DemoController       : 用户信息：UserInfo{id='null', name='rockpile', age=18, interests=[programming, running, reading], tags={hobby=gunpla}, createDate=null}
2020-11-24 10:10:38.058 DEBUG 12696 --- [XNIO-1 task-18] s.r.demo.controller.DemoController       : 用户信息：UserInfo{id='null', name='rockpile', age=18, interests=[programming, running, reading], tags={hobby=gunpla}, createDate=null}
2020-11-24 10:10:43.760 DEBUG 12696 --- [XNIO-1 task-20] s.r.demo.controller.DemoController       : registe server(demo-server:5030)
2020-11-24 10:10:43.763 DEBUG 12696 --- [XNIO-1 task-22] s.r.demo.controller.DemoController       : 用户信息：UserInfo{id='null', name='rockpile', age=18, interests=[programming, running, reading], tags={hobby=gunpla}, createDate=null}
2020-11-24 10:10:43.763 DEBUG 12696 --- [XNIO-1 task-24] s.r.demo.controller.DemoController       : 用户信息：UserInfo{id='null', name='rockpile', age=18, interests=[programming, running, reading], tags={hobby=gunpla}, createDate=null}
2020-11-24 10:11:22.433 DEBUG 12696 --- [XNIO-1 task-23] s.r.demo.controller.DemoController       : registe server(demo-server:5030)
2020-11-24 10:11:22.434 DEBUG 12696 --- [XNIO-1 task-27] s.r.demo.controller.DemoController       : 用户信息：UserInfo{id='null', name='rockpile', age=18, interests=[programming, running, reading], tags={hobby=gunpla}, createDate=null}
2020-11-24 10:11:22.435 DEBUG 12696 --- [XNIO-1 task-28] s.r.demo.controller.DemoController       : 用户信息：UserInfo{id='null', name='rockpile', age=18, interests=[programming, running, reading], tags={hobby=gunpla}, createDate=null}
2020-11-24 10:11:55.749 DEBUG 12696 --- [XNIO-1 task-29] s.r.demo.controller.DemoController       : registe server(demo-server:5030)
2020-11-24 10:11:55.749 DEBUG 12696 --- [XNIO-1 task-31] s.r.demo.controller.DemoController       : 用户信息：UserInfo{id='null', name='rockpile', age=18, interests=[programming, running, reading], tags={hobby=gunpla}, createDate=null}
2020-11-24 10:11:55.750 DEBUG 12696 --- [XNIO-1 task-33] s.r.demo.controller.DemoController       : 用户信息：UserInfo{id='null', name='rockpile', age=18, interests=[programming, running, reading], tags={hobby=gunpla}, createDate=null}
2020-11-24 10:12:42.623 DEBUG 12696 --- [XNIO-1 task-36] s.r.demo.controller.DemoController       : registe server(demo-server:5030)
2020-11-24 10:12:42.623 DEBUG 12696 --- [XNIO-1 task-34] s.r.demo.controller.DemoController       : 用户信息：UserInfo{id='null', name='rockpile', age=18, interests=[programming, running, reading], tags={hobby=gunpla}, createDate=null}
2020-11-24 10:12:42.623 DEBUG 12696 --- [XNIO-1 task-38] s.r.demo.controller.DemoController       : 用户信息：UserInfo{id='null', name='rockpile', age=18, interests=[programming, running, reading], tags={hobby=gunpla}, createDate=null}
2020-11-24 10:12:45.456 DEBUG 12696 --- [XNIO-1 task-42] s.r.demo.controller.DemoController       : registe server(demo-server:5030)
2020-11-24 10:12:45.460 DEBUG 12696 --- [XNIO-1 task-40] s.r.demo.controller.DemoController       : 用户信息：UserInfo{id='null', name='rockpile', age=18, interests=[programming, running, reading], tags={hobby=gunpla}, createDate=null}
2020-11-24 10:12:45.460 DEBUG 12696 --- [XNIO-1 task-43] s.r.demo.controller.DemoController       : 用户信息：UserInfo{id='null', name='rockpile', age=18, interests=[programming, running, reading], tags={hobby=gunpla}, createDate=null}
2020-11-24 10:13:12.000 DEBUG 12696 --- [XNIO-1 task-47] s.r.demo.controller.DemoController       : registe server(demo-server:5030)
2020-11-24 10:13:12.001 DEBUG 12696 --- [XNIO-1 task-46] s.r.demo.controller.DemoController       : 用户信息：UserInfo{id='null', name='rockpile', age=18, interests=[programming, running, reading], tags={hobby=gunpla}, createDate=null}
2020-11-24 10:13:12.001 DEBUG 12696 --- [XNIO-1 task-45] s.r.demo.controller.DemoController       : 用户信息：UserInfo{id='null', name='rockpile', age=18, interests=[programming, running, reading], tags={hobby=gunpla}, createDate=null}
2020-11-24 10:13:24.985 DEBUG 12696 --- [XNIO-1 task-50] s.r.demo.controller.DemoController       : registe server(demo-server:5030)
2020-11-24 10:13:24.988 DEBUG 12696 --- [XNIO-1 task-53] s.r.demo.controller.DemoController       : 用户信息：UserInfo{id='null', name='rockpile', age=18, interests=[programming, running, reading], tags={hobby=gunpla}, createDate=null}
2020-11-24 10:13:24.988 DEBUG 12696 --- [XNIO-1 task-51] s.r.demo.controller.DemoController       : 用户信息：UserInfo{id='null', name='rockpile', age=18, interests=[programming, running, reading], tags={hobby=gunpla}, createDate=null}
2020-11-24 10:14:20.832 DEBUG 12696 --- [XNIO-1 task-55] s.r.demo.controller.DemoController       : registe server(demo-server:5030)
2020-11-24 10:14:20.836 DEBUG 12696 --- [XNIO-1 task-56] s.r.demo.controller.DemoController       : 用户信息：UserInfo{id='null', name='rockpile', age=18, interests=[programming, running, reading], tags={hobby=gunpla}, createDate=null}
2020-11-24 10:14:20.838 DEBUG 12696 --- [XNIO-1 task-59] s.r.demo.controller.DemoController       : 用户信息：UserInfo{id='null', name='rockpile', age=18, interests=[programming, running, reading], tags={hobby=gunpla}, createDate=null}
2020-11-24 10:14:20.853 DEBUG 12696 --- [XNIO-1 task-57] s.r.demo.controller.DemoController       : 用户信息：UserInfo{id='null', name='rockpile', age=18, interests=[programming, running, reading], tags={hobby=gunpla}, createDate=null}
2020-11-24 10:14:32.639 DEBUG 12696 --- [XNIO-1 task-61] s.r.demo.controller.DemoController       : registe server(demo-server:5030)
2020-11-24 10:14:32.639 DEBUG 12696 --- [XNIO-1 task-66] s.r.demo.controller.DemoController       : 用户信息：UserInfo{id='null', name='rockpile', age=18, interests=[programming, running, reading], tags={hobby=gunpla}, createDate=null}
2020-11-24 10:14:32.640 DEBUG 12696 --- [XNIO-1 task-64] s.r.demo.controller.DemoController       : 用户信息：UserInfo{id='null', name='rockpile', age=18, interests=[programming, running, reading], tags={hobby=gunpla}, createDate=null}
2020-11-24 10:14:32.644 DEBUG 12696 --- [XNIO-1 task-63] s.r.demo.controller.DemoController       : 用户信息：UserInfo{id='null', name='rockpile', age=18, interests=[programming, running, reading], tags={hobby=gunpla}, createDate=null}
2020-11-24 10:14:33.354 DEBUG 12696 --- [XNIO-1 task-67] s.r.demo.controller.DemoController       : registe server(demo-server:5030)
2020-11-24 10:14:33.355 DEBUG 12696 --- [XNIO-1 task-68] s.r.demo.controller.DemoController       : 用户信息：UserInfo{id='null', name='rockpile', age=18, interests=[programming, running, reading], tags={hobby=gunpla}, createDate=null}
2020-11-24 10:14:33.356 DEBUG 12696 --- [XNIO-1 task-69] s.r.demo.controller.DemoController       : 用户信息：UserInfo{id='null', name='rockpile', age=18, interests=[programming, running, reading], tags={hobby=gunpla}, createDate=null}
2020-11-24 10:14:33.360 DEBUG 12696 --- [XNIO-1 task-72] s.r.demo.controller.DemoController       : 用户信息：UserInfo{id='null', name='rockpile', age=18, interests=[programming, running, reading], tags={hobby=gunpla}, createDate=null}
2020-11-24 10:14:55.203 DEBUG 12696 --- [XNIO-1 task-73] s.r.demo.controller.DemoController       : registe server(demo-server:5030)
2020-11-24 10:14:55.206 DEBUG 12696 --- [XNIO-1 task-75] s.r.demo.controller.DemoController       : 用户信息：UserInfo{id='null', name='rockpile', age=18, interests=[programming, running, reading], tags={hobby=gunpla}, createDate=null}
2020-11-24 10:14:55.208 DEBUG 12696 --- [XNIO-1 task-74] s.r.demo.controller.DemoController       : 用户信息：UserInfo{id='null', name='rockpile', age=18, interests=[programming, running, reading], tags={hobby=gunpla}, createDate=null}
2020-11-24 10:14:55.208 DEBUG 12696 --- [XNIO-1 task-76] s.r.demo.controller.DemoController       : 用户信息：UserInfo{id='null', name='rockpile', age=18, interests=[programming, running, reading], tags={hobby=gunpla}, createDate=null}
2020-11-24 10:15:16.990 DEBUG 12696 --- [XNIO-1 task-78] s.r.demo.controller.DemoController       : registe server(demo-server:5030)
2020-11-24 10:15:16.991 DEBUG 12696 --- [XNIO-1 task-81] s.r.demo.controller.DemoController       : 用户信息：UserInfo{id='null', name='rockpile', age=18, interests=[programming, running, reading], tags={hobby=gunpla}, createDate=null}
2020-11-24 10:15:16.992 DEBUG 12696 --- [XNIO-1 task-82] s.r.demo.controller.DemoController       : 用户信息：UserInfo{id='null', name='rockpile', age=18, interests=[programming, running, reading], tags={hobby=gunpla}, createDate=null}
2020-11-24 10:15:16.997 DEBUG 12696 --- [XNIO-1 task-84] s.r.demo.controller.DemoController       : 用户信息：UserInfo{id='null', name='rockpile', age=18, interests=[programming, running, reading], tags={hobby=gunpla}, createDate=null}
2020-11-24 10:15:30.054 DEBUG 12696 --- [XNIO-1 task-85] s.r.demo.controller.DemoController       : registe server(demo-server:5030)
2020-11-24 10:15:30.055 DEBUG 12696 --- [XNIO-1 task-87] s.r.demo.controller.DemoController       : 用户信息：UserInfo{id='null', name='rockpile', age=18, interests=[programming, running, reading], tags={hobby=gunpla}, createDate=null}
2020-11-24 10:15:30.055 DEBUG 12696 --- [XNIO-1 task-86] s.r.demo.controller.DemoController       : 用户信息：UserInfo{id='null', name='rockpile', age=18, interests=[programming, running, reading], tags={hobby=gunpla}, createDate=null}
2020-11-24 10:15:30.060 DEBUG 12696 --- [XNIO-1 task-89] s.r.demo.controller.DemoController       : 用户信息：UserInfo{id='null', name='rockpile', age=18, interests=[programming, running, reading], tags={hobby=gunpla}, createDate=null}
2020-11-24 10:19:43.891 DEBUG 12696 --- [XNIO-1 task-92] s.r.demo.controller.DemoController       : registe server(demo-server:5030)
2020-11-24 10:19:43.892 DEBUG 12696 --- [XNIO-1 task-94] s.r.demo.controller.DemoController       : 用户信息：UserInfo{id='null', name='rockpile', age=18, interests=[programming, running, reading], tags={hobby=gunpla}, createDate=null}
2020-11-24 10:19:43.892 DEBUG 12696 --- [XNIO-1 task-91] s.r.demo.controller.DemoController       : 用户信息：UserInfo{id='null', name='rockpile', age=18, interests=[programming, running, reading], tags={hobby=gunpla}, createDate=null}
2020-11-24 10:19:43.897 DEBUG 12696 --- [XNIO-1 task-95] s.r.demo.controller.DemoController       : 用户信息：UserInfo{id='null', name='rockpile', age=18, interests=[programming, running, reading], tags={hobby=gunpla}, createDate=null}
2020-11-24 10:20:11.052 DEBUG 12696 --- [XNIO-1 task-96] s.r.demo.controller.DemoController       : registe server(demo-server:5030)
2020-11-24 10:20:11.053 DEBUG 12696 --- [XNIO-1 task-5] s.r.demo.controller.DemoController       : 用户信息：UserInfo{id='null', name='rockpile', age=18, interests=[programming, running, reading], tags={hobby=gunpla}, createDate=null}
2020-11-24 10:20:11.053 DEBUG 12696 --- [XNIO-1 task-1] s.r.demo.controller.DemoController       : 用户信息：UserInfo{id='null', name='rockpile', age=18, interests=[programming, running, reading], tags={hobby=gunpla}, createDate=null}
2020-11-24 10:20:11.057 DEBUG 12696 --- [XNIO-1 task-2] s.r.demo.controller.DemoController       : 用户信息：UserInfo{id='null', name='rockpile', age=18, interests=[programming, running, reading], tags={hobby=gunpla}, createDate=null}
2020-11-24 10:20:52.078 DEBUG 12696 --- [XNIO-1 task-9] s.r.demo.controller.DemoController       : registe server(demo-server:5030)
2020-11-24 10:20:52.079 DEBUG 12696 --- [XNIO-1 task-8] s.r.demo.controller.DemoController       : 用户信息：UserInfo{id='null', name='rockpile', age=18, interests=[programming, running, reading], tags={hobby=gunpla}, createDate=null}
2020-11-24 10:20:52.080 DEBUG 12696 --- [XNIO-1 task-13] s.r.demo.controller.DemoController       : 用户信息：UserInfo{id='null', name='rockpile', age=18, interests=[programming, running, reading], tags={hobby=gunpla}, createDate=null}
2020-11-24 10:20:52.085 DEBUG 12696 --- [XNIO-1 task-10] s.r.demo.controller.DemoController       : 用户信息：UserInfo{id='null', name='rockpile', age=18, interests=[programming, running, reading], tags={hobby=gunpla}, createDate=null}
2020-11-24 10:20:56.998 DEBUG 12696 --- [XNIO-1 task-11] s.r.demo.controller.DemoController       : registe server(demo-server:5030)
2020-11-24 10:20:57.002 DEBUG 12696 --- [XNIO-1 task-14] s.r.demo.controller.DemoController       : 用户信息：UserInfo{id='null', name='rockpile', age=18, interests=[programming, running, reading], tags={hobby=gunpla}, createDate=null}
2020-11-24 10:20:57.003 DEBUG 12696 --- [XNIO-1 task-15] s.r.demo.controller.DemoController       : 用户信息：UserInfo{id='null', name='rockpile', age=18, interests=[programming, running, reading], tags={hobby=gunpla}, createDate=null}
2020-11-24 10:20:57.003 DEBUG 12696 --- [XNIO-1 task-17] s.r.demo.controller.DemoController       : 用户信息：UserInfo{id='null', name='rockpile', age=18, interests=[programming, running, reading], tags={hobby=gunpla}, createDate=null}
2020-11-24 10:21:22.459 DEBUG 12696 --- [XNIO-1 task-19] s.r.demo.controller.DemoController       : registe server(demo-server:5030)
2020-11-24 10:21:22.460 DEBUG 12696 --- [XNIO-1 task-21] s.r.demo.controller.DemoController       : 用户信息：UserInfo{id='null', name='rockpile', age=18, interests=[programming, running, reading], tags={hobby=gunpla}, createDate=null}
2020-11-24 10:21:22.461 DEBUG 12696 --- [XNIO-1 task-24] s.r.demo.controller.DemoController       : 用户信息：UserInfo{id='null', name='rockpile', age=18, interests=[programming, running, reading], tags={hobby=gunpla}, createDate=null}
2020-11-24 10:21:22.466 DEBUG 12696 --- [XNIO-1 task-26] s.r.demo.controller.DemoController       : 用户信息：UserInfo{id='null', name='rockpile', age=18, interests=[programming, running, reading], tags={hobby=gunpla}, createDate=null}
2020-11-24 10:21:25.762 DEBUG 12696 --- [XNIO-1 task-23] s.r.demo.controller.DemoController       : registe server(demo-server:5030)
2020-11-24 10:21:25.765 DEBUG 12696 --- [XNIO-1 task-25] s.r.demo.controller.DemoController       : 用户信息：UserInfo{id='null', name='rockpile', age=18, interests=[programming, running, reading], tags={hobby=gunpla}, createDate=null}
2020-11-24 10:21:25.766 DEBUG 12696 --- [XNIO-1 task-28] s.r.demo.controller.DemoController       : 用户信息：UserInfo{id='null', name='rockpile', age=18, interests=[programming, running, reading], tags={hobby=gunpla}, createDate=null}
2020-11-24 10:21:25.766 DEBUG 12696 --- [XNIO-1 task-30] s.r.demo.controller.DemoController       : 用户信息：UserInfo{id='null', name='rockpile', age=18, interests=[programming, running, reading], tags={hobby=gunpla}, createDate=null}
